six/platforms/android/build/outputs/logs/manifest-merger-release-report.txt
-- Merging decision tree log ---
manifest
ADDED from platforms\android\AndroidManifest.xml:2:1-19:12
	package
		ADDED from platforms\android\AndroidManifest.xml:2:102-129
		INJECTED from platforms\android\AndroidManifest.xml
		INJECTED from platforms\android\AndroidManifest.xml
	android:versionName
		ADDED from platforms\android\AndroidManifest.xml:2:74-101
		INJECTED from platforms\android\AndroidManifest.xml
		INJECTED from platforms\android\AndroidManifest.xml
	android:hardwareAccelerated
		ADDED from platforms\android\AndroidManifest.xml:2:11-45
	android:versionCode
		ADDED from platforms\android\AndroidManifest.xml:2:46-73
		INJECTED from platforms\android\AndroidManifest.xml
		INJECTED from platforms\android\AndroidManifest.xml
	xmlns:android
		ADDED from platforms\android\AndroidManifest.xml:2:130-188
supports-screens
ADDED from platforms\android\AndroidManifest.xml:3:5-191
	android:largeScreens
		ADDED from platforms\android\AndroidManifest.xml:3:49-76
	android:smallScreens
		ADDED from platforms\android\AndroidManifest.xml:3:132-159
	android:normalScreens
		ADDED from platforms\android\AndroidManifest.xml:3:77-105
	android:xlargeScreens
		ADDED from platforms\android\AndroidManifest.xml:3:160-188
	android:resizeable
		ADDED from platforms\android\AndroidManifest.xml:3:106-131
	android:anyDensity
		ADDED from platforms\android\AndroidManifest.xml:3:23-48
uses-permission#android.permission.INTERNET
ADDED from platforms\android\AndroidManifest.xml:4:5-67
	android:name
		ADDED from platforms\android\AndroidManifest.xml:4:22-64
application
ADDED from platforms\android\AndroidManifest.xml:5:5-17:19
	android:label
		ADDED from platforms\android\AndroidManifest.xml:5:81-113
	android:supportsRtl
		ADDED from platforms\android\AndroidManifest.xml:5:114-140
	android:hardwareAccelerated
		ADDED from platforms\android\AndroidManifest.xml:5:18-52
	android:icon
		ADDED from platforms\android\AndroidManifest.xml:5:53-80
activity#com.hume.empht243.MainActivity
ADDED from platforms\android\AndroidManifest.xml:6:9-11:20
	android:screenOrientation
		ADDED from platforms\android\AndroidManifest.xml:6:194-230
	android:label
		ADDED from platforms\android\AndroidManifest.xml:6:97-134
	android:launchMode
		ADDED from platforms\android\AndroidManifest.xml:6:135-165
	android:windowSoftInputMode
		ADDED from platforms\android\AndroidManifest.xml:6:294-336
	android:configChanges
		ADDED from platforms\android\AndroidManifest.xml:6:19-96
	android:theme
		ADDED from platforms\android\AndroidManifest.xml:6:231-293
	android:name
		ADDED from platforms\android\AndroidManifest.xml:6:166-193
intent-filter#android.intent.action.MAIN+android.intent.category.LAUNCHER
ADDED from platforms\android\AndroidManifest.xml:7:13-10:29
	android:label
		ADDED from platforms\android\AndroidManifest.xml:7:28-65
action#android.intent.action.MAIN
ADDED from platforms\android\AndroidManifest.xml:8:17-69
	android:name
		ADDED from platforms\android\AndroidManifest.xml:8:25-66
category#android.intent.category.LAUNCHER
ADDED from platforms\android\AndroidManifest.xml:9:17-77
	android:name
		ADDED from platforms\android\AndroidManifest.xml:9:27-74
receiver#com.borismus.webintent.WebIntent$ReferralReceiver
ADDED from platforms\android\AndroidManifest.xml:12:9-16:20
	android:enabled
		ADDED from platforms\android\AndroidManifest.xml:12:19-41
	android:label
		ADDED from platforms\android\AndroidManifest.xml:12:66-98
	android:exported
		ADDED from platforms\android\AndroidManifest.xml:12:42-65
	android:name
		ADDED from platforms\android\AndroidManifest.xml:12:99-163
intent-filter#com.android.vending.INSTALL_REFERRER
ADDED from platforms\android\AndroidManifest.xml:13:13-15:29
action#com.android.vending.INSTALL_REFERRER
ADDED from platforms\android\AndroidManifest.xml:14:17-79
	android:name
		ADDED from platforms\android\AndroidManifest.xml:14:25-76
uses-sdk
ADDED from platforms\android\AndroidManifest.xml:18:5-74
MERGED from [org.apache.cordova:CordovaLib:6.2.3:release] AndroidManifest.xml:25:5-44
	android:targetSdkVersion
		ADDED from platforms\android\AndroidManifest.xml:18:42-71
	android:minSdkVersion
		ADDED from platforms\android\AndroidManifest.xml:18:15-41